mode: set
ppob/users/service/usecase.go:14.101,19.2 1 1
ppob/users/service/usecase.go:22.65,24.16 2 1
ppob/users/service/usecase.go:27.2,27.18 1 1
ppob/users/service/usecase.go:24.16,26.3 1 1
ppob/users/service/usecase.go:31.79,33.16 2 1
ppob/users/service/usecase.go:36.2,36.18 1 1
ppob/users/service/usecase.go:33.16,35.3 1 1
ppob/users/service/usecase.go:40.80,42.16 2 1
ppob/users/service/usecase.go:45.2,45.12 1 1
ppob/users/service/usecase.go:42.16,44.3 1 1
ppob/users/service/usecase.go:49.88,51.16 2 1
ppob/users/service/usecase.go:54.2,55.16 2 1
ppob/users/service/usecase.go:59.2,59.18 1 1
ppob/users/service/usecase.go:51.16,53.3 1 1
ppob/users/service/usecase.go:55.16,57.3 1 0
ppob/users/service/usecase.go:63.77,65.16 2 1
ppob/users/service/usecase.go:68.2,69.16 2 1
ppob/users/service/usecase.go:73.2,73.19 1 1
ppob/users/service/usecase.go:65.16,67.3 1 1
ppob/users/service/usecase.go:69.16,71.3 1 0
ppob/users/service/usecase.go:77.97,79.16 2 1
ppob/users/service/usecase.go:82.2,82.18 1 1
ppob/users/service/usecase.go:79.16,81.3 1 1
ppob/users/service/usecase.go:86.83,88.16 2 1
ppob/users/service/usecase.go:91.2,91.18 1 1
ppob/users/service/usecase.go:88.16,90.3 1 1
ppob/users/service/usecase.go:95.56,96.24 1 0
