mode: set
ppob/transaction/service/usecase.go:16.97,20.2 1 1
ppob/transaction/service/usecase.go:23.100,26.2 2 1
ppob/transaction/service/usecase.go:29.83,32.2 2 1
ppob/transaction/service/usecase.go:35.164,41.16 5 1
ppob/transaction/service/usecase.go:44.2,44.20 1 1
ppob/transaction/service/usecase.go:41.16,43.3 1 1
ppob/transaction/service/usecase.go:48.119,60.16 3 1
ppob/transaction/service/usecase.go:63.2,63.12 1 1
ppob/transaction/service/usecase.go:60.16,62.3 1 1
ppob/transaction/service/usecase.go:67.94,69.16 2 1
ppob/transaction/service/usecase.go:72.2,74.16 3 1
ppob/transaction/service/usecase.go:77.2,84.16 3 1
ppob/transaction/service/usecase.go:87.2,87.12 1 1
ppob/transaction/service/usecase.go:69.16,71.3 1 1
ppob/transaction/service/usecase.go:74.16,76.3 1 0
ppob/transaction/service/usecase.go:84.16,86.3 1 0
ppob/transaction/service/usecase.go:91.79,94.2 2 1
ppob/transaction/service/usecase.go:97.123,99.16 2 1
ppob/transaction/service/usecase.go:102.2,102.18 1 1
ppob/transaction/service/usecase.go:99.16,101.3 1 1
ppob/transaction/service/usecase.go:106.100,111.28 4 1
ppob/transaction/service/usecase.go:115.2,115.33 1 1
ppob/transaction/service/usecase.go:124.2,128.13 2 1
ppob/transaction/service/usecase.go:111.28,114.3 2 1
ppob/transaction/service/usecase.go:115.33,118.12 2 1
ppob/transaction/service/usecase.go:118.12,122.4 2 1
